Arguments: 
  /usr/local/bin/node /Users/pizhen/.yarn/bin/yarn.js add taro-echart

PATH: 
  /Users/pizhen/flutter/bin:/Users/pizhen/.yarn/bin:/Users/pizhen/.config/yarn/global/node_modules/.bin:/usr/local/bin:/usr/bin:/bin:/usr/sbin:/sbin:/Applications/Wireshark.app/Contents/MacOS:/Users/pizhen/flutter/bin:/Users/pizhen/.yarn/bin:/Users/pizhen/.config/yarn/global/node_modules/.bin:/usr/local/mysql/bin:/Users/pizhen/Library/Android/sdk/tools:/Users/pizhen/Library/Android/sdk/platform-tools:/usr/local/mysql/bin:/Users/pizhen/Library/Android/sdk/tools:/Users/pizhen/Library/Android/sdk/platform-tools

Yarn version: 
  1.9.4

Node version: 
  11.15.0

Platform: 
  darwin x64

Trace: 
  Error: https://registry.npmjs.org/taro-echart: Not found
      at Request.params.callback [as _callback] (/Users/pizhen/.yarn/lib/cli.js:64202:18)
      at Request.self.callback (/Users/pizhen/.yarn/lib/cli.js:137468:22)
      at Request.emit (events.js:193:13)
      at Request.<anonymous> (/Users/pizhen/.yarn/lib/cli.js:138440:10)
      at Request.emit (events.js:193:13)
      at IncomingMessage.<anonymous> (/Users/pizhen/.yarn/lib/cli.js:138362:12)
      at Object.onceWrapper (events.js:281:20)
      at IncomingMessage.emit (events.js:198:15)
      at endReadableNT (_stream_readable.js:1139:12)
      at processTicksAndRejections (internal/process/task_queues.js:81:17)

npm manifest: 
  {
    "name": "tikTokShop",
    "version": "1.0.0",
    "private": true,
    "description": "抖音店铺小程序",
    "templateInfo": {
      "name": "redux",
      "typescript": true,
      "css": "sass"
    },
    "scripts": {
      "log": "conventional-changelog --config ./node_modules/vue-cli-plugin-commitlint/lib/log -i CHANGELOG.md -s -r 0",
      "cz": "npm run log && git add . && git cz",
      "start": "npm run build:weapp -- --watch",
      "build": "taro build --type weapp",
      "build:weapp": "taro build --type weapp",
      "build:swan": "taro build --type swan",
      "build:alipay": "taro build --type alipay",
      "build:tt": "taro build --type tt",
      "build:h5": "taro build --type h5",
      "build:rn": "taro build --type rn",
      "build:qq": "taro build --type qq",
      "build:quickapp": "taro build --type quickapp",
      "dev:weapp": "npm run build:weapp -- --watch",
      "dev:swan": "npm run build:swan -- --watch",
      "dev:alipay": "npm run build:alipay -- --watch",
      "dev:tt": "npm run build:tt -- --watch",
      "dev:h5": "npm run build:h5 -- --watch",
      "dev:rn": "npm run build:rn -- --watch",
      "dev:qq": "npm run build:qq -- --watch",
      "dev:quickapp": "npm run build:quickapp -- --watch"
    },
    "author": "",
    "license": "MIT",
    "dependencies": {
      "@tarojs/components": "2.2.6",
      "@tarojs/components-qa": "2.2.6",
      "@tarojs/redux": "2.2.6",
      "@tarojs/redux-h5": "2.2.6",
      "@tarojs/router": "2.2.6",
      "@tarojs/taro": "2.2.6",
      "@tarojs/taro-alipay": "2.2.6",
      "@tarojs/taro-h5": "2.2.6",
      "@tarojs/taro-qq": "2.2.6",
      "@tarojs/taro-quickapp": "2.2.6",
      "@tarojs/taro-swan": "2.2.6",
      "@tarojs/taro-tt": "2.2.6",
      "@tarojs/taro-weapp": "2.2.6",
      "babel-runtime": "^6.26.0",
      "classnames": "^2.2.6",
      "husky": "^4.2.5",
      "moment": "^2.26.0",
      "nerv-devtools": "^1.5.5",
      "nervjs": "^1.5.5",
      "qs": "^6.9.4",
      "redux": "^4.0.0",
      "redux-logger": "^3.0.6",
      "redux-thunk": "^2.3.0",
      "regenerator-runtime": "0.11.1",
      "taro-ui": "^2.3.4",
      "techarts": "^1.0.2"
    },
    "devDependencies": {
      "@commitlint/config-conventional": "^8.2.0",
      "@tarojs/mini-runner": "2.2.6",
      "@tarojs/webpack-runner": "2.2.6",
      "@types/react": "^16.4.8",
      "@types/webpack-env": "^1.13.6",
      "@typescript-eslint/eslint-plugin": "^2.13.0",
      "@typescript-eslint/parser": "^2.13.0",
      "babel-eslint": "^8.2.3",
      "babel-plugin-transform-class-properties": "^6.24.1",
      "babel-plugin-transform-decorators-legacy": "^1.3.4",
      "babel-plugin-transform-jsx-stylesheet": "^0.6.5",
      "babel-plugin-transform-object-rest-spread": "^6.26.0",
      "babel-plugin-transform-runtime": "^6.23.0",
      "babel-preset-env": "^1.6.1",
      "commitizen": "^4.0.3",
      "commitlint": "^8.2.0",
      "conventional-changelog-cli": "^2.0.28",
      "eslint": "^5.16.0",
      "eslint-config-taro": "2.2.6",
      "eslint-plugin-import": "^2.12.0",
      "eslint-plugin-react": "^7.8.2",
      "eslint-plugin-react-hooks": "^1.6.1",
      "eslint-plugin-taro": "2.2.6",
      "right-pad": "^1.0.1",
      "stylelint": "9.3.0",
      "stylelint-config-taro-rn": "2.2.6",
      "stylelint-taro-rn": "2.2.6",
      "typescript": "^3.0.1",
      "vue-cli-plugin-commitlint": "^1.0.4"
    },
    "config": {
      "commitizen": {
        "path": "./node_modules/vue-cli-plugin-commitlint/lib/cz"
      }
    },
    "husky": {
      "hooks": {
        "commit-msg": "commitlint -E HUSKY_GIT_PARAMS"
      }
    }
  }

yarn manifest: 
  No manifest

Lockfile: 
  No lockfile
